<?xml version="1.0" encoding="UTF-8"?>
<testng-results ignored="0" total="1" passed="1" failed="0" skipped="0">
  <reporter-output>
  </reporter-output>
  <suite started-at="2026-03-09T13:44:37 IST" name="Automation Suite" finished-at="2026-03-09T13:44:41 IST" duration-ms="4251">
    <groups>
    </groups>
    <test started-at="2026-03-09T13:44:37 IST" name="Login Tests" finished-at="2026-03-09T13:44:41 IST" duration-ms="4251">
      <class name="tests.LoginTest">
        <test-method is-config="true" signature="setup()[pri:0, instance:tests.LoginTest@76c3e77a]" started-at="2026-03-09T13:44:37 IST" name="setup" finished-at="2026-03-09T13:44:41 IST" duration-ms="3874" status="PASS">
          <reporter-output>
          </reporter-output>
        </test-method> <!-- setup -->
        <test-method signature="validLoginTest()[pri:0, instance:tests.LoginTest@76c3e77a]" started-at="2026-03-09T13:44:41 IST" name="validLoginTest" finished-at="2026-03-09T13:44:41 IST" duration-ms="271" status="PASS">
          <reporter-output>
          </reporter-output>
        </test-method> <!-- validLoginTest -->
        <test-method is-config="true" signature="tearDown()[pri:0, instance:tests.LoginTest@76c3e77a]" started-at="2026-03-09T13:44:41 IST" name="tearDown" finished-at="2026-03-09T13:44:41 IST" duration-ms="92" status="PASS">
          <reporter-output>
          </reporter-output>
        </test-method> <!-- tearDown -->
      </class> <!-- tests.LoginTest -->
    </test> <!-- Login Tests -->
  </suite> <!-- Automation Suite -->
</testng-results>
